<?xml version="1.0" encoding="UTF-8"?>
<robot generator="Robot 7.3.2 (Python 3.13.3 on win32)" generated="2025-07-09T14:20:31.143452" rpa="false" schemaversion="5">
<suite id="s1" name="Test Api" source="C:\Users\shubham.agrawal_info\Desktop\RobotFramework\tests\test_api.robot">
<test id="s1-t1" name="Verify Get Request" line="8">
<kw name="GET" owner="RequestsLibrary">
<msg time="2025-07-09T14:20:32.129129" level="INFO">GET Request : url=https://www.google.com/ 
 path_url=/ 
 headers={'User-Agent': 'python-requests/2.32.3', 'Accept-Encoding': 'gzip, deflate', 'Accept': '*/*', 'Connection': 'keep-alive'} 
 body=None 
 </msg>
<msg time="2025-07-09T14:20:32.129594" level="INFO">GET Response : url=https://www.google.com/ 
 status=200, reason=OK 
 headers={'Date': 'Wed, 09 Jul 2025 08:50:33 GMT', 'Expires': '-1', 'Cache-Control': 'private, max-age=0', 'Content-Type': 'text/html; charset=ISO-8859-1', 'Content-Security-Policy-Report-Only': "object-src 'none';base-uri 'self';script-src 'nonce-LXNN8LcUCutpdLYwDnrz4g' 'strict-dynamic' 'report-sample' 'unsafe-eval' 'unsafe-inline' https: http:;report-uri https://csp.withgoogle.com/csp/gws/other-hp", 'Accept-CH': 'Sec-CH-Prefers-Color-Scheme', 'P3P': 'CP="This is not a P3P policy! See g.co/p3phelp for more info."', 'Content-Encoding': 'gzip', 'Server': 'gws', 'X-XSS-Protection': '0', 'X-Frame-Options': 'SAMEORIGIN', 'Set-Cookie': 'AEC=AVh_V2hl2PnaO_iMRPLYZGaakiAMMvYzGqfVZeW-commH0c-aV41mpQJmDU; expires=Mon, 05-Jan-2026 08:50:33 GMT; path=/; domain=.google.com; Secure; HttpOnly; SameSite=lax, NID=525=UzDpAXkh5fjWyIEzodURSVjRw8Bl8m66hybtgFNUOtfd9uERi7KXvJt-5BwhZ90mP66S1CiLwyXuIC4fhnVa4OFPZUH05InA3VDITd5ADU5HADyqvhBZzg5tuQjjBapziClmHKkjxuoudEscLuGfY9HfCzuSQ9sA6UMPzpFblsOKUEIN_MXOkaF5ec3SzXapb7MEooW6eOoGtvqq_GI; expires=Thu, 08-Jan-2026 08:50:33 GMT; path=/; domain=.google.com; HttpOnly', 'Alt-Svc': 'h3=":443"; ma=2592000,h3-29=":443"; ma=2592000', 'Transfer-Encoding': 'chunked'} 
 body=&lt;!doctype html&gt;&lt;html itemscope="" itemtype="http://schema.org/WebPage" lang="en-IN"&gt;&lt;head&gt;&lt;meta content="text/html; charset=UTF-8" http-equiv="Content-Type"&gt;&lt;meta content="/images/branding/googleg/1x/googleg_standard_color_128dp.png" itemprop="image"&gt;&lt;title&gt;Google&lt;/title&gt;&lt;script nonce="LXNN8LcUCutpdLYwDnrz4g"&gt;(function(){var _g={kEI:'WS1uaJzbEYTE5OUPq620qA8',kEXPI:'0,202792,62,2,3497392,701,435,538661,48791,30022,16105,344796,290044,11106,4558,5226017,36812643,25381059,4563,7385,53220,6757,23879,9139,4599,328,6225,63456,709,15048,49,8157,3292,4134,30379,28334,42887,5408,5916,353,5010,2,5,2,13451,410,5870,3100,4614,5774,1201,12282,11477,7,2644,3050,2,1667,11805,3261,2990,35,3420,2864,7413,3206,6716,5392,2625,3058,3605,11413,6358,2731,244,1604,2,11,3315,2,1253,1330,8140,279,1,366,4222,4,4,4801,945,3,1470,3858,567,1186,3619,1216,1,3467,2,78,831,2,383,1760,4,659,958,890,600,1033,1578,4859,665,3574,115,239,305,1094,1018,346,761,934,691,425,21,73,1396,731,103,4,1,52,269,3435,88,3,1573,670,34,57,1261,5,983,7,155,2885,1653,93,1813,1,812,471,1447,3,2,2,2,1331,359,1,1628,1457,177,688,611,4,106,726,54,1359,849,1509,495,712,600,748,98,1,2764,1036,2,732,5,2230,98,485,722,73,53,537,2,1,1380,31,84,20,1398,1,156,213,24,12,12,9,3,12,269,962,526,295,143,1263,534,604,101,45,673,400,277,869,354,8,3,3,5,191,2,107,237,14,25,100,2,491,305,48,3,5,1,382,139,175,43,396,148,178,108,133,21,232,520,7,5,189,242,168,417,3,12,1,37,19,3,337,224,48,6,30,2,464,752,73,569,1046,218,483,456,244,576,7,85,183,79,251,53,1567,9,1,300,150,186,3,5,10,1157,794,4,88,15,1375,147,707,2,545,142,105,43,885,88,80,115,112,54,71,21,342,80,1,2,24,6,127,383,326,2,481,838,193,527,187,74,1,2,39,62,411,1281,5,451,1815,3,3,242,366,175,12,51,107,19,219,271,282,338,1898,25,775,829,1438,1653,84,21222235,2644,5,2253,739,4,2960,3,1308,1929,1096,15,4143,2,1771,791,1553,433,316,1070,63,40,888,1469,729,855,3,3626343,2391429,2473307,189057',kBL:'fBMG',kOPI:89978449};(function(){var a;((a=window.google)==null?0:a.stvsc)?google.kEI=_g.kEI:window.google=_g;}).call(this);})();(function(){google.sn='webhp';google.kHL='en-IN';})();(function(){
var g=this||self;function k(){return window.google&amp;&amp;window.google.kOPI||null};var l,m=[];function n(a){for(var b;a&amp;&amp;(!a.getAttribute||!(b=a.getAttribute("eid")));)a=a.parentNode;return b||l}function p(a){for(var b=null;a&amp;&amp;(!a.getAttribute||!(b=a.getAttribute("leid")));)a=a.parentNode;return b}function q(a){/^http:/i.test(a)&amp;&amp;window.location.protocol==="https:"&amp;&amp;(google.ml&amp;&amp;google.ml(Error("a"),!1,{src:a,glmm:1}),a="");return a}
function r(a,b,d,c,h){var e="";b.search("&amp;ei=")===-1&amp;&amp;(e="&amp;ei="+n(c),b.search("&amp;lei=")===-1&amp;&amp;(c=p(c))&amp;&amp;(e+="&amp;lei="+c));var f=b.search("&amp;cshid=")===-1&amp;&amp;a!=="slh";c="&amp;zx="+Date.now().toString();g._cshid&amp;&amp;f&amp;&amp;(c+="&amp;cshid="+g._cshid);(d=d())&amp;&amp;(c+="&amp;opi="+d);return"/"+(h||"gen_204")+"?atyp=i&amp;ct="+String(a)+"&amp;cad="+(b+e+c)};l=google.kEI;google.getEI=n;google.getLEI=p;google.ml=function(){return null};google.log=function(a,b,d,c,h,e){e=e===void 0?k:e;d||(d=r(a,b,e,c,h));if(d=q(d)){a=new Image;var f=m.length;m[f]=a;a.onerror=a.onload=a.onabort=function(){delete m[f]};a.src=d}};google.logUrl=function(a,b){b=b===void 0?k:b;return r("",a,b)};}).call(this);(function(){google.y={};google.sy={};function e(a,b,c){if(a)var d=a.id;else{do d=Math.random();while(c[d])}c[d]=[a,b]}var f;(f=google).x||(f.x=function(a,b){e(a,b,google.y)});var g;(g=google).sx||(g.sx=function(a,b){e(a,b,google.sy)});google.lm=[];var h;(h=google).plm||(h.plm=function(a){google.lm.push.apply(google.lm,a)});google.lq=[];var k;(k=google).load||(k.load=function(a,b,c){google.lq.push([[a],b,c])});var l;(l=google).loadAll||(l.loadAll=function(a,b){google.lq.push([a,b])});google.bx=!1;var m;(m=google).lx||(m.lx=function(){});var n=[],p;(p=google).fce||(p.fce=function(a,b,c,d){n.push([a,b,c,d])});google.qce=n;}).call(this);google.f={};(function(){
document.documentElement.addEventListener("submit",function(b){var a;if(a=b.target){var c=a.getAttribute("data-submitfalse");a=c==="1"||c==="q"&amp;&amp;!a.elements.q.value?!0:!1}else a=!1;a&amp;&amp;(b.preventDefault(),b.stopPropagation())},!0);document.documentElement.addEventListener("click",function(b){var a;a:{for(a=b.target;a&amp;&amp;a!==document.documentElement;a=a.parentElement)if(a.tagName==="A"){a=a.getAttribute("data-nohref")==="1";break a}a=!1}a&amp;&amp;b.preventDefault()},!0);}).call(this);&lt;/script&gt;&lt;style&gt;#gbar,#guser{font-size:13px;padding-top:1px !important;}#gbar{height:22px}#guser{padding-bottom:7px !important;text-align:right}.gbh,.gbd{border-top:1px solid #c9d7f1;font-size:1px}.gbh{height:0;position:absolute;top:24px;width:100%}@media all{.gb1{height:22px;margin-right:.5em;vertical-align:top}#gbar{float:left}}a.gb1,a.gb4{text-decoration:underline !important}a.gb1,a.gb4{color:#00c !important}.gbi .gb4{color:#dd8e27 !important}.gbf .gb4{color:#900 !important}
&lt;/style&gt;&lt;style&gt;body,td,a,p,.h{font-family:sans-serif}body{margin:0;overflow-y:scroll}#gog{padding:3px 8px 0}td{line-height:.8em}.gac_m td{line-height:17px}form{margin-bottom:20px}.h{color:#1967d2}em{font-weight:bold;font-style:normal}.lst{height:25px;width:496px}.gsfi,.lst{font:18px sans-serif}.gsfs{font:17px sans-serif}.ds{display:inline-box;display:inline-block;margin:3px 0 4px;margin-left:4px}input{font-family:inherit}body{background:#fff;color:#000}a{color:#681da8;text-decoration:none}a:hover,a:active{text-decoration:underline}.fl a{color:#1967d2}a:visited{color:#681da8}.sblc{padding-top:5px}.sblc a{display:block;margin:2px 0;margin-left:13px;font-size:11px}.lsbb{background:#f8f9fa;border:solid 1px;border-color:#dadce0 #70757a #70757a #dadce0;height:30px}.lsbb{display:block}#WqQANb a{display:inline-block;margin:0 12px}.lsb{background:url(/images/nav_logo229.png) 0 -261px repeat-x;color:#000;border:none;cursor:pointer;height:30px;margin:0;outline:0;font:15px sans-serif;vertical-align:top}.lsb:active{background:#dadce0}.lst:focus{outline:none}&lt;/style&gt;&lt;script nonce="LXNN8LcUCutpdLYwDnrz4g"&gt;(function(){window.google.erd={jsr:1,bv:2248,de:true,dpf:'ic38JI0XQFCxsrZNvExXT6CRjXSQsf12cZ_oIAfyZ2I'};
var g=this||self;var k,l=(k=g.mei)!=null?k:1,m,p=(m=g.diel)!=null?m:0,q,r=(q=g.sdo)!=null?q:!0,t=0,u,w=google.erd,x=w.jsr;google.ml=function(a,b,d,n,e){e=e===void 0?2:e;b&amp;&amp;(u=a&amp;&amp;a.message);d===void 0&amp;&amp;(d={});d.cad="ple_"+google.ple+".aple_"+google.aple;if(google.dl)return google.dl(a,e,d,!0),null;b=d;if(x&lt;0){window.console&amp;&amp;console.error(a,b);if(x===-2)throw a;b=!1}else b=!a||!a.message||a.message==="Error loading script"||t&gt;=l&amp;&amp;!n?!1:!0;if(!b)return null;t++;d=d||{};b=encodeURIComponent;var c="/gen_204?atyp=i&amp;ei="+b(google.kEI);google.kEXPI&amp;&amp;(c+="&amp;jexpid="+b(google.kEXPI));c+="&amp;srcpg="+b(google.sn)+"&amp;jsr="+b(w.jsr)+
"&amp;bver="+b(w.bv);w.dpf&amp;&amp;(c+="&amp;dpf="+b(w.dpf));var f=a.lineNumber;f!==void 0&amp;&amp;(c+="&amp;line="+f);var h=a.fileName;h&amp;&amp;(h.indexOf("-extension:/")&gt;0&amp;&amp;(e=3),c+="&amp;script="+b(h),f&amp;&amp;h===window.location.href&amp;&amp;(f=document.documentElement.outerHTML.split("\n")[f],c+="&amp;cad="+b(f?f.substring(0,300):"No script found.")));google.ple&amp;&amp;google.ple===1&amp;&amp;(e=2);c+="&amp;jsel="+e;for(var v in d)c+="&amp;",c+=b(v),c+="=",c+=b(d[v]);c=c+"&amp;emsg="+b(a.name+": "+a.message);c=c+"&amp;jsst="+b(a.stack||"N/A");c.length&gt;=12288&amp;&amp;(c=c.substr(0,12288));a=c;n||google.log(0,"",a);return a};window.onerror=function(a,b,d,n,e){u!==a&amp;&amp;(a=e instanceof Error?e:Error(a),d===void 0||"lineNumber"in a||(a.lineNumber=d),b===void 0||"fileName"in a||(a.fileName=b),google.ml(a,!1,void 0,!1,a.name==="SyntaxError"||a.message.substring(0,11)==="SyntaxError"||a.message.indexOf("Script error")!==-1?3:p));u=null;r&amp;&amp;t&gt;=l&amp;&amp;(window.onerror=null)};})();&lt;/script&gt;&lt;/head&gt;&lt;body bgcolor="#fff"&gt;&lt;script nonce="LXNN8LcUCutpdLYwDnrz4g"&gt;(function(){var src='/images/nav_logo229.png';var iesg=false;document.body.onload = function(){window.n &amp;&amp; window.n();if (document.images){new Image().src=src;}
if (!iesg){document.f&amp;&amp;document.f.q.focus();document.gbqf&amp;&amp;document.gbqf.q.focus();}
}
})();&lt;/script&gt;&lt;div id="mngb"&gt;&lt;div id=gbar&gt;&lt;nobr&gt;&lt;b class=gb1&gt;Search&lt;/b&gt; &lt;a class=gb1 href="https://www.google.com/imghp?hl=en&amp;tab=wi"&gt;Images&lt;/a&gt; &lt;a class=gb1 href="https://maps.google.co.in/maps?hl=en&amp;tab=wl"&gt;Maps&lt;/a&gt; &lt;a class=gb1 href="https://play.google.com/?hl=en&amp;tab=w8"&gt;Play&lt;/a&gt; &lt;a class=gb1 href="https://www.youtube.com/?tab=w1"&gt;YouTube&lt;/a&gt; &lt;a class=gb1 href="https://news.google.com/?tab=wn"&gt;News&lt;/a&gt; &lt;a class=gb1 href="https://mail.google.com/mail/?tab=wm"&gt;Gmail&lt;/a&gt; &lt;a class=gb1 href="https://drive.google.com/?tab=wo"&gt;Drive&lt;/a&gt; &lt;a class=gb1 style="text-decoration:none" href="https://www.google.co.in/intl/en/about/products?tab=wh"&gt;&lt;u&gt;More&lt;/u&gt; &amp;raquo;&lt;/a&gt;&lt;/nobr&gt;&lt;/div&gt;&lt;div id=guser width=100%&gt;&lt;nobr&gt;&lt;span id=gbn class=gbi&gt;&lt;/span&gt;&lt;span id=gbf class=gbf&gt;&lt;/span&gt;&lt;span id=gbe&gt;&lt;/span&gt;&lt;a href="http://www.google.co.in/history/optout?hl=en" class=gb4&gt;Web History&lt;/a&gt; | &lt;a  href="/preferences?hl=en" class=gb4&gt;Settings&lt;/a&gt; | &lt;a target=_top id=gb_70 href="https://accounts.google.com/ServiceLogin?hl=en&amp;passive=true&amp;continue=https://www.google.com/&amp;ec=GAZAAQ" class=gb4&gt;Sign in&lt;/a&gt;&lt;/nobr&gt;&lt;/div&gt;&lt;div class=gbh style=left:0&gt;&lt;/div&gt;&lt;div class=gbh style=right:0&gt;&lt;/div&gt;&lt;/div&gt;&lt;center&gt;&lt;br clear="all" id="lgpd"&gt;&lt;div id="XjhHGf"&gt;&lt;img alt="Google" height="92" src="/images/branding/googlelogo/1x/googlelogo_white_background_color_272x92dp.png" style="padding:28px 0 14px" width="272" id="hplogo"&gt;&lt;br&gt;&lt;br&gt;&lt;/div&gt;&lt;form action="/search" name="f"&gt;&lt;table cellpadding="0" cellspacing="0"&gt;&lt;tr valign="top"&gt;&lt;td width="25%"&gt;&amp;nbsp;&lt;/td&gt;&lt;td align="center" nowrap=""&gt;&lt;input name="ie" value="ISO-8859-1" type="hidden"&gt;&lt;input value="en-IN" name="hl" type="hidden"&gt;&lt;input name="source" type="hidden" value="hp"&gt;&lt;input name="biw" type="hidden"&gt;&lt;input name="bih" type="hidden"&gt;&lt;div class="ds" style="height:32px;margin:4px 0"&gt;&lt;input class="lst" style="margin:0;padding:5px 8px 0 6px;vertical-align:top;color:#000" autocomplete="off" value="" title="Google Search" maxlength="2048" name="q" size="57"&gt;&lt;/div&gt;&lt;br style="line-height:0"&gt;&lt;span class="ds"&gt;&lt;span class="lsbb"&gt;&lt;input class="lsb" value="Google Search" name="btnG" type="submit"&gt;&lt;/span&gt;&lt;/span&gt;&lt;sp... (set the log level to DEBUG or TRACE to see the full content) 
 </msg>
<msg time="2025-07-09T14:20:32.137925" level="INFO">${response} = &lt;Response [200]&gt;</msg>
<var>${response}</var>
<arg>${BASE_URL}</arg>
<doc>Sends a GET request.</doc>
<status status="PASS" start="2025-07-09T14:20:31.517615" elapsed="0.620413"/>
</kw>
<kw name="Should Be Equal As Strings" owner="BuiltIn">
<msg time="2025-07-09T14:20:32.142501" level="INFO">Argument types are:
&lt;class 'int'&gt;
&lt;class 'str'&gt;</msg>
<arg>${response.status_code}</arg>
<arg>200</arg>
<doc>Fails if objects are unequal after converting them to strings.</doc>
<status status="PASS" start="2025-07-09T14:20:32.141881" elapsed="0.000670"/>
</kw>
<status status="PASS" start="2025-07-09T14:20:31.516678" elapsed="0.628081"/>
</test>
<status status="PASS" start="2025-07-09T14:20:31.147436" elapsed="1.000674"/>
</suite>
<statistics>
<total>
<stat pass="1" fail="0" skip="0">All Tests</stat>
</total>
<tag>
</tag>
<suite>
<stat name="Test Api" id="s1" pass="1" fail="0" skip="0">Test Api</stat>
</suite>
</statistics>
<errors>
</errors>
</robot>
